
/home/runner/work/exp-interface-motor-pi-au/exp-interface-motor-pi-au/experiment/simulation/js/index-224d6576.js
    58:17  warning  Do not access Object.prototype method 'hasOwnProperty' from target object  no-prototype-builtins
    94:17  warning  Do not access Object.prototype method 'hasOwnProperty' from target object  no-prototype-builtins
    98:17  warning  Do not access Object.prototype method 'hasOwnProperty' from target object  no-prototype-builtins
   128:8   warning  Do not access Object.prototype method 'hasOwnProperty' from target object  no-prototype-builtins
   273:6   warning  Expected a conditional expression and instead saw an assignment            no-cond-assign
   290:8   warning  Expected a conditional expression and instead saw an assignment            no-cond-assign
   421:14  warning  'n' is assigned a value but never used                                     no-unused-vars
  1063:13  warning  Expected a 'break' statement before 'case'                                 no-fallthrough
  1319:6   warning  Expected a conditional expression and instead saw an assignment            no-cond-assign
  1346:10  warning  Expected a conditional expression and instead saw an assignment            no-cond-assign
  1348:10  warning  Expected a conditional expression and instead saw an assignment            no-cond-assign
  1350:10  warning  Expected a conditional expression and instead saw an assignment            no-cond-assign
  1352:10  warning  Expected a conditional expression and instead saw an assignment            no-cond-assign
  1354:10  warning  Expected a conditional expression and instead saw an assignment            no-cond-assign
  1356:10  warning  Expected a conditional expression and instead saw an assignment            no-cond-assign
  1358:12  warning  Do not access Object.prototype method 'hasOwnProperty' from target object  no-prototype-builtins
  1676:63  warning  'WebKitCSSMatrix' is not defined                                           no-undef
  2028:10  warning  Expected a conditional expression and instead saw an assignment            no-cond-assign
  2735:15  warning  'n' is defined but never used                                              no-unused-vars
  2738:13  warning  'n' is defined but never used                                              no-unused-vars

/home/runner/work/exp-interface-motor-pi-au/exp-interface-motor-pi-au/experiment/simulation/js/index-3151e439.js
  1:1238   warning  Do not access Object.prototype method 'hasOwnProperty' from target object  no-prototype-builtins
  1:1600   warning  Expected a conditional expression and instead saw an assignment            no-cond-assign
  1:1907   warning  Do not access Object.prototype method 'hasOwnProperty' from target object  no-prototype-builtins
  1:2056   warning  Do not access Object.prototype method 'hasOwnProperty' from target object  no-prototype-builtins
  1:2738   warning  Do not access Object.prototype method 'hasOwnProperty' from target object  no-prototype-builtins
  1:5384   warning  Expected a conditional expression and instead saw an assignment            no-cond-assign
  1:5684   warning  Expected a conditional expression and instead saw an assignment            no-cond-assign
  1:6239   warning  Expected a conditional expression and instead saw an assignment            no-cond-assign
  1:7816   warning  'n' is assigned a value but never used                                     no-unused-vars
  1:14648  warning  Expected a conditional expression and instead saw an assignment            no-cond-assign
  1:18088  warning  Expected a 'break' statement before 'case'                                 no-fallthrough
  1:22511  warning  Expected a conditional expression and instead saw an assignment            no-cond-assign
  1:22771  warning  Expected a conditional expression and instead saw an assignment            no-cond-assign
  1:22810  warning  Expected a conditional expression and instead saw an assignment            no-cond-assign
  1:22873  warning  Expected a conditional expression and instead saw an assignment            no-cond-assign
  1:22912  warning  Expected a conditional expression and instead saw an assignment            no-cond-assign
  1:22975  warning  Expected a conditional expression and instead saw an assignment            no-cond-assign
  1:23019  warning  Expected a conditional expression and instead saw an assignment            no-cond-assign
  1:23068  warning  Do not access Object.prototype method 'hasOwnProperty' from target object  no-prototype-builtins
  1:27645  warning  'WebKitCSSMatrix' is not defined                                           no-undef
  1:33233  warning  Expected a conditional expression and instead saw an assignment            no-cond-assign
  1:37424  warning  Expected a conditional expression and instead saw an assignment            no-cond-assign
  1:39773  warning  Expected a conditional expression and instead saw an assignment            no-cond-assign
  1:45174  warning  'n' is defined but never used                                              no-unused-vars
  1:45224  warning  'n' is defined but never used                                              no-unused-vars

/home/runner/work/exp-interface-motor-pi-au/exp-interface-motor-pi-au/experiment/simulation/js/index-65b1c56d.js
    58:17  warning  Do not access Object.prototype method 'hasOwnProperty' from target object  no-prototype-builtins
    94:17  warning  Do not access Object.prototype method 'hasOwnProperty' from target object  no-prototype-builtins
    98:17  warning  Do not access Object.prototype method 'hasOwnProperty' from target object  no-prototype-builtins
   128:8   warning  Do not access Object.prototype method 'hasOwnProperty' from target object  no-prototype-builtins
   273:6   warning  Expected a conditional expression and instead saw an assignment            no-cond-assign
   290:8   warning  Expected a conditional expression and instead saw an assignment            no-cond-assign
   421:14  warning  'n' is assigned a value but never used                                     no-unused-vars
  1063:13  warning  Expected a 'break' statement before 'case'                                 no-fallthrough
  1319:6   warning  Expected a conditional expression and instead saw an assignment            no-cond-assign
  1346:10  warning  Expected a conditional expression and instead saw an assignment            no-cond-assign
  1348:10  warning  Expected a conditional expression and instead saw an assignment            no-cond-assign
  1350:10  warning  Expected a conditional expression and instead saw an assignment            no-cond-assign
  1352:10  warning  Expected a conditional expression and instead saw an assignment            no-cond-assign
  1354:10  warning  Expected a conditional expression and instead saw an assignment            no-cond-assign
  1356:10  warning  Expected a conditional expression and instead saw an assignment            no-cond-assign
  1358:12  warning  Do not access Object.prototype method 'hasOwnProperty' from target object  no-prototype-builtins
  1676:63  warning  'WebKitCSSMatrix' is not defined                                           no-undef
  2028:10  warning  Expected a conditional expression and instead saw an assignment            no-cond-assign
  2735:15  warning  'n' is defined but never used                                              no-unused-vars
  2738:13  warning  'n' is defined but never used                                              no-unused-vars

/home/runner/work/exp-interface-motor-pi-au/exp-interface-motor-pi-au/experiment/simulation/js/index-8e080f5a copy 2.js
  1:1238   warning  Do not access Object.prototype method 'hasOwnProperty' from target object  no-prototype-builtins
  1:1600   warning  Expected a conditional expression and instead saw an assignment            no-cond-assign
  1:1907   warning  Do not access Object.prototype method 'hasOwnProperty' from target object  no-prototype-builtins
  1:2056   warning  Do not access Object.prototype method 'hasOwnProperty' from target object  no-prototype-builtins
  1:2738   warning  Do not access Object.prototype method 'hasOwnProperty' from target object  no-prototype-builtins
  1:5384   warning  Expected a conditional expression and instead saw an assignment            no-cond-assign
  1:5684   warning  Expected a conditional expression and instead saw an assignment            no-cond-assign
  1:6239   warning  Expected a conditional expression and instead saw an assignment            no-cond-assign
  1:7816   warning  'n' is assigned a value but never used                                     no-unused-vars
  1:14648  warning  Expected a conditional expression and instead saw an assignment            no-cond-assign
  1:18088  warning  Expected a 'break' statement before 'case'                                 no-fallthrough
  1:22511  warning  Expected a conditional expression and instead saw an assignment            no-cond-assign
  1:22771  warning  Expected a conditional expression and instead saw an assignment            no-cond-assign
  1:22810  warning  Expected a conditional expression and instead saw an assignment            no-cond-assign
  1:22873  warning  Expected a conditional expression and instead saw an assignment            no-cond-assign
  1:22912  warning  Expected a conditional expression and instead saw an assignment            no-cond-assign
  1:22975  warning  Expected a conditional expression and instead saw an assignment            no-cond-assign
  1:23019  warning  Expected a conditional expression and instead saw an assignment            no-cond-assign
  1:23068  warning  Do not access Object.prototype method 'hasOwnProperty' from target object  no-prototype-builtins
  1:27645  warning  'WebKitCSSMatrix' is not defined                                           no-undef
  1:33233  warning  Expected a conditional expression and instead saw an assignment            no-cond-assign
  1:37424  warning  Expected a conditional expression and instead saw an assignment            no-cond-assign
  1:39773  warning  Expected a conditional expression and instead saw an assignment            no-cond-assign
  1:45174  warning  'n' is defined but never used                                              no-unused-vars
  1:45224  warning  'n' is defined but never used                                              no-unused-vars

/home/runner/work/exp-interface-motor-pi-au/exp-interface-motor-pi-au/experiment/simulation/js/index-8e080f5a copy.js
  1:1238   warning  Do not access Object.prototype method 'hasOwnProperty' from target object  no-prototype-builtins
  1:1600   warning  Expected a conditional expression and instead saw an assignment            no-cond-assign
  1:1907   warning  Do not access Object.prototype method 'hasOwnProperty' from target object  no-prototype-builtins
  1:2056   warning  Do not access Object.prototype method 'hasOwnProperty' from target object  no-prototype-builtins
  1:2738   warning  Do not access Object.prototype method 'hasOwnProperty' from target object  no-prototype-builtins
  1:5384   warning  Expected a conditional expression and instead saw an assignment            no-cond-assign
  1:5684   warning  Expected a conditional expression and instead saw an assignment            no-cond-assign
  1:6239   warning  Expected a conditional expression and instead saw an assignment            no-cond-assign
  1:7816   warning  'n' is assigned a value but never used                                     no-unused-vars
  1:14648  warning  Expected a conditional expression and instead saw an assignment            no-cond-assign
  1:18088  warning  Expected a 'break' statement before 'case'                                 no-fallthrough
  1:22511  warning  Expected a conditional expression and instead saw an assignment            no-cond-assign
  1:22771  warning  Expected a conditional expression and instead saw an assignment            no-cond-assign
  1:22810  warning  Expected a conditional expression and instead saw an assignment            no-cond-assign
  1:22873  warning  Expected a conditional expression and instead saw an assignment            no-cond-assign
  1:22912  warning  Expected a conditional expression and instead saw an assignment            no-cond-assign
  1:22975  warning  Expected a conditional expression and instead saw an assignment            no-cond-assign
  1:23019  warning  Expected a conditional expression and instead saw an assignment            no-cond-assign
  1:23068  warning  Do not access Object.prototype method 'hasOwnProperty' from target object  no-prototype-builtins
  1:27645  warning  'WebKitCSSMatrix' is not defined                                           no-undef
  1:33233  warning  Expected a conditional expression and instead saw an assignment            no-cond-assign
  1:37424  warning  Expected a conditional expression and instead saw an assignment            no-cond-assign
  1:39773  warning  Expected a conditional expression and instead saw an assignment            no-cond-assign
  1:45174  warning  'n' is defined but never used                                              no-unused-vars
  1:45224  warning  'n' is defined but never used                                              no-unused-vars

/home/runner/work/exp-interface-motor-pi-au/exp-interface-motor-pi-au/experiment/simulation/js/index-8e080f5a.js
  1:1238   warning  Do not access Object.prototype method 'hasOwnProperty' from target object  no-prototype-builtins
  1:1600   warning  Expected a conditional expression and instead saw an assignment            no-cond-assign
  1:1907   warning  Do not access Object.prototype method 'hasOwnProperty' from target object  no-prototype-builtins
  1:2056   warning  Do not access Object.prototype method 'hasOwnProperty' from target object  no-prototype-builtins
  1:2738   warning  Do not access Object.prototype method 'hasOwnProperty' from target object  no-prototype-builtins
  1:5384   warning  Expected a conditional expression and instead saw an assignment            no-cond-assign
  1:5684   warning  Expected a conditional expression and instead saw an assignment            no-cond-assign
  1:6239   warning  Expected a conditional expression and instead saw an assignment            no-cond-assign
  1:7816   warning  'n' is assigned a value but never used                                     no-unused-vars
  1:14648  warning  Expected a conditional expression and instead saw an assignment            no-cond-assign
  1:18088  warning  Expected a 'break' statement before 'case'                                 no-fallthrough
  1:22511  warning  Expected a conditional expression and instead saw an assignment            no-cond-assign
  1:22771  warning  Expected a conditional expression and instead saw an assignment            no-cond-assign
  1:22810  warning  Expected a conditional expression and instead saw an assignment            no-cond-assign
  1:22873  warning  Expected a conditional expression and instead saw an assignment            no-cond-assign
  1:22912  warning  Expected a conditional expression and instead saw an assignment            no-cond-assign
  1:22975  warning  Expected a conditional expression and instead saw an assignment            no-cond-assign
  1:23019  warning  Expected a conditional expression and instead saw an assignment            no-cond-assign
  1:23068  warning  Do not access Object.prototype method 'hasOwnProperty' from target object  no-prototype-builtins
  1:27645  warning  'WebKitCSSMatrix' is not defined                                           no-undef
  1:33233  warning  Expected a conditional expression and instead saw an assignment            no-cond-assign
  1:37424  warning  Expected a conditional expression and instead saw an assignment            no-cond-assign
  1:39773  warning  Expected a conditional expression and instead saw an assignment            no-cond-assign
  1:45174  warning  'n' is defined but never used                                              no-unused-vars
  1:45224  warning  'n' is defined but never used                                              no-unused-vars

/home/runner/work/exp-interface-motor-pi-au/exp-interface-motor-pi-au/experiment/simulation/js/index-ea01dde8.js
    58:17  warning  Do not access Object.prototype method 'hasOwnProperty' from target object  no-prototype-builtins
    94:17  warning  Do not access Object.prototype method 'hasOwnProperty' from target object  no-prototype-builtins
    98:17  warning  Do not access Object.prototype method 'hasOwnProperty' from target object  no-prototype-builtins
   128:8   warning  Do not access Object.prototype method 'hasOwnProperty' from target object  no-prototype-builtins
   273:6   warning  Expected a conditional expression and instead saw an assignment            no-cond-assign
   290:8   warning  Expected a conditional expression and instead saw an assignment            no-cond-assign
   421:14  warning  'n' is assigned a value but never used                                     no-unused-vars
  1063:13  warning  Expected a 'break' statement before 'case'                                 no-fallthrough
  1319:6   warning  Expected a conditional expression and instead saw an assignment            no-cond-assign
  1346:10  warning  Expected a conditional expression and instead saw an assignment            no-cond-assign
  1348:10  warning  Expected a conditional expression and instead saw an assignment            no-cond-assign
  1350:10  warning  Expected a conditional expression and instead saw an assignment            no-cond-assign
  1352:10  warning  Expected a conditional expression and instead saw an assignment            no-cond-assign
  1354:10  warning  Expected a conditional expression and instead saw an assignment            no-cond-assign
  1356:10  warning  Expected a conditional expression and instead saw an assignment            no-cond-assign
  1358:12  warning  Do not access Object.prototype method 'hasOwnProperty' from target object  no-prototype-builtins
  1676:63  warning  'WebKitCSSMatrix' is not defined                                           no-undef
  2028:10  warning  Expected a conditional expression and instead saw an assignment            no-cond-assign
  2735:15  warning  'n' is defined but never used                                              no-unused-vars
  2738:13  warning  'n' is defined but never used                                              no-unused-vars

/home/runner/work/exp-interface-motor-pi-au/exp-interface-motor-pi-au/experiment/simulation/js/index-ef803e7e.js
    58:17  warning  Do not access Object.prototype method 'hasOwnProperty' from target object  no-prototype-builtins
    94:17  warning  Do not access Object.prototype method 'hasOwnProperty' from target object  no-prototype-builtins
    98:17  warning  Do not access Object.prototype method 'hasOwnProperty' from target object  no-prototype-builtins
   128:8   warning  Do not access Object.prototype method 'hasOwnProperty' from target object  no-prototype-builtins
   273:6   warning  Expected a conditional expression and instead saw an assignment            no-cond-assign
   290:8   warning  Expected a conditional expression and instead saw an assignment            no-cond-assign
   421:14  warning  'n' is assigned a value but never used                                     no-unused-vars
  1063:13  warning  Expected a 'break' statement before 'case'                                 no-fallthrough
  1319:6   warning  Expected a conditional expression and instead saw an assignment            no-cond-assign
  1346:10  warning  Expected a conditional expression and instead saw an assignment            no-cond-assign
  1348:10  warning  Expected a conditional expression and instead saw an assignment            no-cond-assign
  1350:10  warning  Expected a conditional expression and instead saw an assignment            no-cond-assign
  1352:10  warning  Expected a conditional expression and instead saw an assignment            no-cond-assign
  1354:10  warning  Expected a conditional expression and instead saw an assignment            no-cond-assign
  1356:10  warning  Expected a conditional expression and instead saw an assignment            no-cond-assign
  1358:12  warning  Do not access Object.prototype method 'hasOwnProperty' from target object  no-prototype-builtins
  1676:63  warning  'WebKitCSSMatrix' is not defined                                           no-undef
  2028:10  warning  Expected a conditional expression and instead saw an assignment            no-cond-assign
  2735:15  warning  'n' is defined but never used                                              no-unused-vars
  2738:13  warning  'n' is defined but never used                                              no-unused-vars

/home/runner/work/exp-interface-motor-pi-au/exp-interface-motor-pi-au/experiment/simulation/js/index-f5648c6d.js
    58:17  warning  Do not access Object.prototype method 'hasOwnProperty' from target object  no-prototype-builtins
    94:17  warning  Do not access Object.prototype method 'hasOwnProperty' from target object  no-prototype-builtins
    98:17  warning  Do not access Object.prototype method 'hasOwnProperty' from target object  no-prototype-builtins
   128:8   warning  Do not access Object.prototype method 'hasOwnProperty' from target object  no-prototype-builtins
   273:6   warning  Expected a conditional expression and instead saw an assignment            no-cond-assign
   290:8   warning  Expected a conditional expression and instead saw an assignment            no-cond-assign
   421:14  warning  'n' is assigned a value but never used                                     no-unused-vars
  1063:13  warning  Expected a 'break' statement before 'case'                                 no-fallthrough
  1319:6   warning  Expected a conditional expression and instead saw an assignment            no-cond-assign
  1346:10  warning  Expected a conditional expression and instead saw an assignment            no-cond-assign
  1348:10  warning  Expected a conditional expression and instead saw an assignment            no-cond-assign
  1350:10  warning  Expected a conditional expression and instead saw an assignment            no-cond-assign
  1352:10  warning  Expected a conditional expression and instead saw an assignment            no-cond-assign
  1354:10  warning  Expected a conditional expression and instead saw an assignment            no-cond-assign
  1356:10  warning  Expected a conditional expression and instead saw an assignment            no-cond-assign
  1358:12  warning  Do not access Object.prototype method 'hasOwnProperty' from target object  no-prototype-builtins
  1676:63  warning  'WebKitCSSMatrix' is not defined                                           no-undef
  2028:10  warning  Expected a conditional expression and instead saw an assignment            no-cond-assign
  2735:15  warning  'n' is defined but never used                                              no-unused-vars
  2738:13  warning  'n' is defined but never used                                              no-unused-vars
  3077:45  warning  'connectedPointSequence' is not defined                                    no-undef

✖ 201 problems (0 errors, 201 warnings)

